c:\users\brain\documents\stuff - fi - unam\semestre 8\cg-ihc\laboratorio\practicas\practica7\practica5\debug\vc143.pdb
c:\users\brain\documents\stuff - fi - unam\semestre 8\cg-ihc\laboratorio\practicas\practica7\practica5\debug\vc143.idb
c:\users\brain\documents\stuff - fi - unam\semestre 8\cg-ihc\laboratorio\practicas\practica7\practica5\debug\window.obj
c:\users\brain\documents\stuff - fi - unam\semestre 8\cg-ihc\laboratorio\practicas\practica7\practica5\debug\texture.obj
c:\users\brain\documents\stuff - fi - unam\semestre 8\cg-ihc\laboratorio\practicas\practica7\practica5\debug\spotlight.obj
c:\users\brain\documents\stuff - fi - unam\semestre 8\cg-ihc\laboratorio\practicas\practica7\practica5\debug\sphere.obj
c:\users\brain\documents\stuff - fi - unam\semestre 8\cg-ihc\laboratorio\practicas\practica7\practica5\debug\skybox.obj
c:\users\brain\documents\stuff - fi - unam\semestre 8\cg-ihc\laboratorio\practicas\practica7\practica5\debug\shader_light.obj
c:\users\brain\documents\stuff - fi - unam\semestre 8\cg-ihc\laboratorio\practicas\practica7\practica5\debug\pointlight.obj
c:\users\brain\documents\stuff - fi - unam\semestre 8\cg-ihc\laboratorio\practicas\practica7\practica5\debug\model.obj
c:\users\brain\documents\stuff - fi - unam\semestre 8\cg-ihc\laboratorio\practicas\practica7\practica5\debug\mesh_tn.obj
c:\users\brain\documents\stuff - fi - unam\semestre 8\cg-ihc\laboratorio\practicas\practica7\practica5\debug\material.obj
c:\users\brain\documents\stuff - fi - unam\semestre 8\cg-ihc\laboratorio\practicas\practica7\practica5\debug\light.obj
c:\users\brain\documents\stuff - fi - unam\semestre 8\cg-ihc\laboratorio\practicas\practica7\practica5\debug\iluminacion20232.obj
c:\users\brain\documents\stuff - fi - unam\semestre 8\cg-ihc\laboratorio\practicas\practica7\practica5\debug\directionallight.obj
c:\users\brain\documents\stuff - fi - unam\semestre 8\cg-ihc\laboratorio\practicas\practica7\practica5\debug\camera.obj
c:\users\brain\documents\stuff - fi - unam\semestre 8\cg-ihc\laboratorio\practicas\practica7\debug\practica7.exe
c:\users\brain\documents\stuff - fi - unam\semestre 8\cg-ihc\laboratorio\practicas\practica7\practica5\debug\practica7.ilk
c:\users\brain\documents\stuff - fi - unam\semestre 8\cg-ihc\laboratorio\practicas\practica7\debug\practica7.pdb
c:\users\brain\documents\stuff - fi - unam\semestre 8\cg-ihc\laboratorio\practicas\practica7\practica5\debug\practica7.tlog\cl.command.1.tlog
c:\users\brain\documents\stuff - fi - unam\semestre 8\cg-ihc\laboratorio\practicas\practica7\practica5\debug\practica7.tlog\cl.read.1.tlog
c:\users\brain\documents\stuff - fi - unam\semestre 8\cg-ihc\laboratorio\practicas\practica7\practica5\debug\practica7.tlog\cl.write.1.tlog
c:\users\brain\documents\stuff - fi - unam\semestre 8\cg-ihc\laboratorio\practicas\practica7\practica5\debug\practica7.tlog\link.command.1.tlog
c:\users\brain\documents\stuff - fi - unam\semestre 8\cg-ihc\laboratorio\practicas\practica7\practica5\debug\practica7.tlog\link.read.1.tlog
c:\users\brain\documents\stuff - fi - unam\semestre 8\cg-ihc\laboratorio\practicas\practica7\practica5\debug\practica7.tlog\link.write.1.tlog
