  Camera.cpp
  DirectionalLight.cpp
C:\Users\Brain\Documents\Proyecto Computacion\proyecto-computacion-grafica\DirectionalLight.cpp(18,14): warning C4244: 'argumento': conversión de 'GLfloat' a 'GLint'; posible pérdida de datos
C:\Users\Brain\Documents\Proyecto Computacion\proyecto-computacion-grafica\DirectionalLight.cpp(19,14): warning C4244: 'argumento': conversión de 'GLfloat' a 'GLint'; posible pérdida de datos
C:\Users\Brain\Documents\Proyecto Computacion\proyecto-computacion-grafica\DirectionalLight.cpp(21,14): warning C4244: 'argumento': conversión de 'GLfloat' a 'GLint'; posible pérdida de datos
C:\Users\Brain\Documents\Proyecto Computacion\proyecto-computacion-grafica\DirectionalLight.cpp(22,14): warning C4244: 'argumento': conversión de 'GLfloat' a 'GLint'; posible pérdida de datos
  ProyectoFinal.cpp
C:\Users\Brain\Documents\Proyecto Computacion\proyecto-computacion-grafica\Window.h(12,36): warning C4244: 'return': conversión de 'GLint' a 'GLfloat'; posible pérdida de datos
C:\Users\Brain\Documents\Proyecto Computacion\proyecto-computacion-grafica\Window.h(13,37): warning C4244: 'return': conversión de 'GLint' a 'GLfloat'; posible pérdida de datos
C:\Users\Brain\Documents\Proyecto Computacion\proyecto-computacion-grafica\ProyectoFinal.cpp(39,39): warning C4305: 'inicializando': truncamiento de 'double' a 'float'
C:\Users\Brain\Documents\Proyecto Computacion\proyecto-computacion-grafica\ProyectoFinal.cpp(45,26): warning C4305: 'inicializando': truncamiento de 'double' a 'float'
C:\Users\Brain\Documents\Proyecto Computacion\proyecto-computacion-grafica\ProyectoFinal.cpp(50,27): warning C4305: 'inicializando': truncamiento de 'double' a 'float'
C:\Users\Brain\Documents\Proyecto Computacion\proyecto-computacion-grafica\ProyectoFinal.cpp(58,31): warning C4305: 'inicializando': truncamiento de 'double' a 'float'
C:\Users\Brain\Documents\Proyecto Computacion\proyecto-computacion-grafica\ProyectoFinal.cpp(654,16): warning C4018: '<': no coinciden signed/unsigned
C:\Users\Brain\Documents\Proyecto Computacion\proyecto-computacion-grafica\ProyectoFinal.cpp(1033,15): warning C4244: 'inicializando': conversión de 'double' a 'GLfloat'; posible pérdida de datos
C:\Users\Brain\Documents\Proyecto Computacion\proyecto-computacion-grafica\ProyectoFinal.cpp(1035,33): warning C4244: '+=': conversión de 'double' a 'GLfloat'; posible pérdida de datos
C:\Users\Brain\Documents\Proyecto Computacion\proyecto-computacion-grafica\ProyectoFinal.cpp(1915,20): warning C4244: '+=': conversión de 'double' a 'float'; posible pérdida de datos
C:\Users\Brain\Documents\Proyecto Computacion\proyecto-computacion-grafica\ProyectoFinal.cpp(1916,20): warning C4244: '+=': conversión de 'double' a 'float'; posible pérdida de datos
C:\Users\Brain\Documents\Proyecto Computacion\proyecto-computacion-grafica\ProyectoFinal.cpp(1028,44): warning C4101: 'i': variable local sin referencia
  Light.cpp
  Material.cpp
  Mesh_tn.cpp
  Model.cpp
C:\Users\Brain\Documents\Proyecto Computacion\proyecto-computacion-grafica\Model.cpp(16,10): warning C4477: 'printf' : la cadena de formato '%s' requiere un argumento de tipo 'char *', pero el argumento variádico 1 tiene el tipo 'const std::string'
C:\Users\Brain\Documents\Proyecto Computacion\proyecto-computacion-grafica\Model.cpp(16,80): warning C4474: "printf": se pasaron demasiados argumentos para la cadena de formato
C:\Users\Brain\Documents\Proyecto Computacion\proyecto-computacion-grafica\Model.cpp(16,80): message : los marcadores de posición y sus parámetros esperan 1 argumentos variádicos, pero se proporcionaron 2
C:\Users\Brain\Documents\Proyecto Computacion\proyecto-computacion-grafica\Model.cpp(51,7): warning C4804: '<': uso no seguro del tipo 'bool' en la operación
C:\Users\Brain\Documents\Proyecto Computacion\proyecto-computacion-grafica\Model.cpp(51,21): warning C4018: '<': no coinciden signed/unsigned
C:\Users\Brain\Documents\Proyecto Computacion\proyecto-computacion-grafica\Model.cpp(136,14): warning C4477: 'printf' : la cadena de formato '%s' requiere un argumento de tipo 'char *', pero el argumento variádico 1 tiene el tipo 'std::string'
C:\Users\Brain\Documents\Proyecto Computacion\proyecto-computacion-grafica\Model.cpp(145,14): warning C4477: 'printf' : la cadena de formato '%s' requiere un argumento de tipo 'char *', pero el argumento variádico 1 tiene el tipo 'std::string'
  PointLight.cpp
C:\Users\Brain\Documents\Proyecto Computacion\proyecto-computacion-grafica\PointLight.cpp(28,14): warning C4244: 'argumento': conversión de 'GLfloat' a 'GLint'; posible pérdida de datos
C:\Users\Brain\Documents\Proyecto Computacion\proyecto-computacion-grafica\PointLight.cpp(29,14): warning C4244: 'argumento': conversión de 'GLfloat' a 'GLint'; posible pérdida de datos
C:\Users\Brain\Documents\Proyecto Computacion\proyecto-computacion-grafica\PointLight.cpp(30,14): warning C4244: 'argumento': conversión de 'GLfloat' a 'GLint'; posible pérdida de datos
C:\Users\Brain\Documents\Proyecto Computacion\proyecto-computacion-grafica\PointLight.cpp(32,14): warning C4244: 'argumento': conversión de 'GLfloat' a 'GLint'; posible pérdida de datos
C:\Users\Brain\Documents\Proyecto Computacion\proyecto-computacion-grafica\PointLight.cpp(33,14): warning C4244: 'argumento': conversión de 'GLfloat' a 'GLint'; posible pérdida de datos
C:\Users\Brain\Documents\Proyecto Computacion\proyecto-computacion-grafica\PointLight.cpp(34,14): warning C4244: 'argumento': conversión de 'GLfloat' a 'GLint'; posible pérdida de datos
C:\Users\Brain\Documents\Proyecto Computacion\proyecto-computacion-grafica\PointLight.cpp(35,14): warning C4244: 'argumento': conversión de 'GLfloat' a 'GLint'; posible pérdida de datos
  Shader_light.cpp
C:\Users\Brain\Documents\Proyecto Computacion\proyecto-computacion-grafica\Shader_light.cpp(215,75): warning C4244: 'argumento': conversión de 'GLuint' a 'GLfloat'; posible pérdida de datos
C:\Users\Brain\Documents\Proyecto Computacion\proyecto-computacion-grafica\Shader_light.cpp(215,26): warning C4244: 'argumento': conversión de 'GLuint' a 'GLfloat'; posible pérdida de datos
C:\Users\Brain\Documents\Proyecto Computacion\proyecto-computacion-grafica\Shader_light.cpp(214,91): warning C4244: 'argumento': conversión de 'GLuint' a 'GLfloat'; posible pérdida de datos
C:\Users\Brain\Documents\Proyecto Computacion\proyecto-computacion-grafica\Shader_light.cpp(214,42): warning C4244: 'argumento': conversión de 'GLuint' a 'GLfloat'; posible pérdida de datos
C:\Users\Brain\Documents\Proyecto Computacion\proyecto-computacion-grafica\Shader_light.cpp(228,98): warning C4244: 'argumento': conversión de 'GLuint' a 'GLfloat'; posible pérdida de datos
C:\Users\Brain\Documents\Proyecto Computacion\proyecto-computacion-grafica\Shader_light.cpp(228,62): warning C4244: 'argumento': conversión de 'GLuint' a 'GLfloat'; posible pérdida de datos
C:\Users\Brain\Documents\Proyecto Computacion\proyecto-computacion-grafica\Shader_light.cpp(228,24): warning C4244: 'argumento': conversión de 'GLuint' a 'GLfloat'; posible pérdida de datos
C:\Users\Brain\Documents\Proyecto Computacion\proyecto-computacion-grafica\Shader_light.cpp(227,70): warning C4244: 'argumento': conversión de 'GLuint' a 'GLfloat'; posible pérdida de datos
C:\Users\Brain\Documents\Proyecto Computacion\proyecto-computacion-grafica\Shader_light.cpp(227,24): warning C4244: 'argumento': conversión de 'GLuint' a 'GLfloat'; posible pérdida de datos
C:\Users\Brain\Documents\Proyecto Computacion\proyecto-computacion-grafica\Shader_light.cpp(226,88): warning C4244: 'argumento': conversión de 'GLuint' a 'GLfloat'; posible pérdida de datos
C:\Users\Brain\Documents\Proyecto Computacion\proyecto-computacion-grafica\Shader_light.cpp(226,42): warning C4244: 'argumento': conversión de 'GLuint' a 'GLfloat'; posible pérdida de datos
  Skybox.cpp
  Sphere.cpp
C:\Users\Brain\Documents\Proyecto Computacion\proyecto-computacion-grafica\Sphere.cpp(39,13): warning C4244: 'inicializando': conversión de 'double' a 'float'; posible pérdida de datos
C:\Users\Brain\Documents\Proyecto Computacion\proyecto-computacion-grafica\Sphere.cpp(43,16): warning C4244: 'inicializando': conversión de 'double' a 'float'; posible pérdida de datos
  SpotLight.cpp
  Texture.cpp
  Window.cpp
C:\Users\Brain\Documents\Proyecto Computacion\proyecto-computacion-grafica\Window.h(12,36): warning C4244: 'return': conversión de 'GLint' a 'GLfloat'; posible pérdida de datos
C:\Users\Brain\Documents\Proyecto Computacion\proyecto-computacion-grafica\Window.h(13,37): warning C4244: 'return': conversión de 'GLint' a 'GLfloat'; posible pérdida de datos
C:\Users\Brain\Documents\Proyecto Computacion\proyecto-computacion-grafica\Window.cpp(157,22): warning C4244: '=': conversión de 'double' a 'GLfloat'; posible pérdida de datos
C:\Users\Brain\Documents\Proyecto Computacion\proyecto-computacion-grafica\Window.cpp(158,22): warning C4244: '=': conversión de 'double' a 'GLfloat'; posible pérdida de datos
C:\Users\Brain\Documents\Proyecto Computacion\proyecto-computacion-grafica\Window.cpp(162,28): warning C4244: '=': conversión de 'double' a 'GLfloat'; posible pérdida de datos
C:\Users\Brain\Documents\Proyecto Computacion\proyecto-computacion-grafica\Window.cpp(163,40): warning C4244: '=': conversión de 'double' a 'GLfloat'; posible pérdida de datos
C:\Users\Brain\Documents\Proyecto Computacion\proyecto-computacion-grafica\Window.cpp(165,21): warning C4244: '=': conversión de 'double' a 'GLfloat'; posible pérdida de datos
C:\Users\Brain\Documents\Proyecto Computacion\proyecto-computacion-grafica\Window.cpp(166,21): warning C4244: '=': conversión de 'double' a 'GLfloat'; posible pérdida de datos
  Generando código...
C:\Users\Brain\Documents\Proyecto Computacion\proyecto-computacion-grafica\Window.cpp(77): warning C4715: 'Window::Initialise': no todas las rutas de acceso de control devuelven un valor
LINK : warning LNK4098: la biblioteca predeterminada'MSVCRT' entra en conflicto con otras bibliotecas; use la biblioteca /NODEFAULTLIB:biblioteca
  Practica5.vcxproj -> C:\Users\Brain\Documents\Proyecto Computacion\proyecto-computacion-grafica\Debug\ProyectoFinal.exe
