c:\users\brain\documents\proyecto computacion\proyecto-computacion-grafica\debug\vc143.pdb
c:\users\brain\documents\proyecto computacion\proyecto-computacion-grafica\debug\vc143.idb
c:\users\brain\documents\proyecto computacion\proyecto-computacion-grafica\debug\window.obj
c:\users\brain\documents\proyecto computacion\proyecto-computacion-grafica\debug\texture.obj
c:\users\brain\documents\proyecto computacion\proyecto-computacion-grafica\debug\spotlight.obj
c:\users\brain\documents\proyecto computacion\proyecto-computacion-grafica\debug\sphere.obj
c:\users\brain\documents\proyecto computacion\proyecto-computacion-grafica\debug\skybox.obj
c:\users\brain\documents\proyecto computacion\proyecto-computacion-grafica\debug\shader_light.obj
c:\users\brain\documents\proyecto computacion\proyecto-computacion-grafica\debug\pointlight.obj
c:\users\brain\documents\proyecto computacion\proyecto-computacion-grafica\debug\model.obj
c:\users\brain\documents\proyecto computacion\proyecto-computacion-grafica\debug\mesh_tn.obj
c:\users\brain\documents\proyecto computacion\proyecto-computacion-grafica\debug\material.obj
c:\users\brain\documents\proyecto computacion\proyecto-computacion-grafica\debug\light.obj
c:\users\brain\documents\proyecto computacion\proyecto-computacion-grafica\debug\proyectofinal.obj
c:\users\brain\documents\proyecto computacion\proyecto-computacion-grafica\debug\directionallight.obj
c:\users\brain\documents\proyecto computacion\proyecto-computacion-grafica\debug\camera.obj
c:\users\brain\documents\proyecto computacion\proyecto-computacion-grafica\debug\proyectofinal.tlog\cl.command.1.tlog
c:\users\brain\documents\proyecto computacion\proyecto-computacion-grafica\debug\proyectofinal.tlog\cl.read.1.tlog
c:\users\brain\documents\proyecto computacion\proyecto-computacion-grafica\debug\proyectofinal.tlog\cl.write.1.tlog
c:\users\brain\documents\proyecto computacion\proyecto-computacion-grafica\debug\proyectofinal.tlog\link.command.1.tlog
c:\users\brain\documents\proyecto computacion\proyecto-computacion-grafica\debug\proyectofinal.tlog\link.read.1.tlog
c:\users\brain\documents\proyecto computacion\proyecto-computacion-grafica\debug\proyectofinal.tlog\link.write.1.tlog
