  Mesh_tn.cpp
C:\Users\Brain\Documents\Proyecto Computacion\proyecto-computacion-grafica\Mesh_tn.cpp(11,28): error C2039: "vector": no es un miembro de "std"
C:\Users\Brain\Documents\Proyecto Computacion\proyecto-computacion-grafica\predefined C++ types (compiler internal)(341,11): message : vea la declaración de 'std'
C:\Users\Brain\Documents\Proyecto Computacion\proyecto-computacion-grafica\Mesh_tn.cpp(11,34): error C2761: "void Mesh::CreateMesh(GLfloat *,unsigned int *,unsigned int,unsigned int)": no se permite la nueva declaración del miembro
C:\Users\Brain\Documents\Proyecto Computacion\proyecto-computacion-grafica\Mesh_tn.cpp(11,34): error C2065: 'vector': identificador no declarado
C:\Users\Brain\Documents\Proyecto Computacion\proyecto-computacion-grafica\Mesh_tn.cpp(11,35): error C2275: 'GLfloat': se esperaba una expresión en lugar de un tipo
C:\Users\Brain\Documents\Proyecto Computacion\proyecto-computacion-grafica\Mesh_tn.cpp(11,45): error C2065: 'vertices': identificador no declarado
C:\Users\Brain\Documents\Proyecto Computacion\proyecto-computacion-grafica\Mesh_tn.cpp(11,60): error C2039: "vector": no es un miembro de "std"
C:\Users\Brain\Documents\Proyecto Computacion\proyecto-computacion-grafica\predefined C++ types (compiler internal)(341,11): message : vea la declaración de 'std'
C:\Users\Brain\Documents\Proyecto Computacion\proyecto-computacion-grafica\Mesh_tn.cpp(11,66): error C2065: 'vector': identificador no declarado
C:\Users\Brain\Documents\Proyecto Computacion\proyecto-computacion-grafica\Mesh_tn.cpp(11,67): error C2062: tipo 'unsigned int' inesperado
C:\Users\Brain\Documents\Proyecto Computacion\proyecto-computacion-grafica\Mesh_tn.cpp(12,1): error C2143: error de sintaxis: falta ';' delante de '{'
C:\Users\Brain\Documents\Proyecto Computacion\proyecto-computacion-grafica\Mesh_tn.cpp(12,1): error C2447: '{': falta el encabezado de función (¿lista formal de estilo anterior?)
C:\Users\Brain\Documents\Proyecto Computacion\proyecto-computacion-grafica\Mesh_tn.cpp(76,12): error C2039: "RenderMeshGeometry": no es un miembro de "Mesh"
C:\Users\Brain\Documents\Proyecto Computacion\proyecto-computacion-grafica\Mesh.h(5,7): message : vea la declaración de 'Mesh'
C:\Users\Brain\Documents\Proyecto Computacion\proyecto-computacion-grafica\Mesh_tn.cpp(79,20): error C2065: 'VAO': identificador no declarado
C:\Users\Brain\Documents\Proyecto Computacion\proyecto-computacion-grafica\Mesh_tn.cpp(80,40): error C2065: 'IBO': identificador no declarado
C:\Users\Brain\Documents\Proyecto Computacion\proyecto-computacion-grafica\Mesh_tn.cpp(81,34): error C2065: 'indexCount': identificador no declarado
  Model.cpp
C:\Users\Brain\Documents\Proyecto Computacion\proyecto-computacion-grafica\Model.cpp(16,10): warning C4477: 'printf' : la cadena de formato '%s' requiere un argumento de tipo 'char *', pero el argumento variádico 1 tiene el tipo 'const std::string'
C:\Users\Brain\Documents\Proyecto Computacion\proyecto-computacion-grafica\Model.cpp(16,80): warning C4474: "printf": se pasaron demasiados argumentos para la cadena de formato
C:\Users\Brain\Documents\Proyecto Computacion\proyecto-computacion-grafica\Model.cpp(16,80): message : los marcadores de posición y sus parámetros esperan 1 argumentos variádicos, pero se proporcionaron 2
C:\Users\Brain\Documents\Proyecto Computacion\proyecto-computacion-grafica\Model.cpp(51,7): warning C4804: '<': uso no seguro del tipo 'bool' en la operación
C:\Users\Brain\Documents\Proyecto Computacion\proyecto-computacion-grafica\Model.cpp(51,21): warning C4018: '<': no coinciden signed/unsigned
C:\Users\Brain\Documents\Proyecto Computacion\proyecto-computacion-grafica\Model.cpp(138,14): warning C4477: 'printf' : la cadena de formato '%s' requiere un argumento de tipo 'char *', pero el argumento variádico 1 tiene el tipo 'std::string'
C:\Users\Brain\Documents\Proyecto Computacion\proyecto-computacion-grafica\Model.cpp(147,14): warning C4477: 'printf' : la cadena de formato '%s' requiere un argumento de tipo 'char *', pero el argumento variádico 1 tiene el tipo 'std::string'
  texturizado.cpp
C:\Users\Brain\Documents\Proyecto Computacion\proyecto-computacion-grafica\Window.h(12,36): warning C4244: 'return': conversión de 'GLint' a 'GLfloat'; posible pérdida de datos
C:\Users\Brain\Documents\Proyecto Computacion\proyecto-computacion-grafica\Window.h(13,37): warning C4244: 'return': conversión de 'GLint' a 'GLfloat'; posible pérdida de datos
C:\Users\Brain\Documents\Proyecto Computacion\proyecto-computacion-grafica\texturizado.cpp(776,16): warning C4018: '<': no coinciden signed/unsigned
C:\Users\Brain\Documents\Proyecto Computacion\proyecto-computacion-grafica\texturizado.cpp(780,10): error C2664: 'void Mesh::CreateMesh(GLfloat *,unsigned int *,unsigned int,unsigned int)': el argumento 1 no puede convertirse de 'std::vector<GLfloat,std::allocator<GLfloat>>' a 'GLfloat *'
C:\Users\Brain\Documents\Proyecto Computacion\proyecto-computacion-grafica\texturizado.cpp(780,23): message : No hay disponible ningún operador de conversión definido por el usuario que pueda realizar esta conversión, o bien no se puede llamar al operador
C:\Users\Brain\Documents\Proyecto Computacion\proyecto-computacion-grafica\Mesh.h(10,7): message : vea la declaración de 'Mesh::CreateMesh'
C:\Users\Brain\Documents\Proyecto Computacion\proyecto-computacion-grafica\texturizado.cpp(780,10): message : al hacer coincidir la lista de argumentos '(std::vector<GLfloat,std::allocator<GLfloat>>, std::vector<GLuint,std::allocator<GLuint>>, unsigned int, unsigned int)'
C:\Users\Brain\Documents\Proyecto Computacion\proyecto-computacion-grafica\texturizado.cpp(838,15): warning C4244: 'inicializando': conversión de 'double' a 'GLfloat'; posible pérdida de datos
C:\Users\Brain\Documents\Proyecto Computacion\proyecto-computacion-grafica\texturizado.cpp(840,33): warning C4244: '+=': conversión de 'double' a 'GLfloat'; posible pérdida de datos
  Window.cpp
C:\Users\Brain\Documents\Proyecto Computacion\proyecto-computacion-grafica\Window.h(12,36): warning C4244: 'return': conversión de 'GLint' a 'GLfloat'; posible pérdida de datos
C:\Users\Brain\Documents\Proyecto Computacion\proyecto-computacion-grafica\Window.h(13,37): warning C4244: 'return': conversión de 'GLint' a 'GLfloat'; posible pérdida de datos
C:\Users\Brain\Documents\Proyecto Computacion\proyecto-computacion-grafica\Window.cpp(139,22): warning C4244: '=': conversión de 'double' a 'GLfloat'; posible pérdida de datos
C:\Users\Brain\Documents\Proyecto Computacion\proyecto-computacion-grafica\Window.cpp(140,22): warning C4244: '=': conversión de 'double' a 'GLfloat'; posible pérdida de datos
C:\Users\Brain\Documents\Proyecto Computacion\proyecto-computacion-grafica\Window.cpp(144,28): warning C4244: '=': conversión de 'double' a 'GLfloat'; posible pérdida de datos
C:\Users\Brain\Documents\Proyecto Computacion\proyecto-computacion-grafica\Window.cpp(145,40): warning C4244: '=': conversión de 'double' a 'GLfloat'; posible pérdida de datos
C:\Users\Brain\Documents\Proyecto Computacion\proyecto-computacion-grafica\Window.cpp(147,21): warning C4244: '=': conversión de 'double' a 'GLfloat'; posible pérdida de datos
C:\Users\Brain\Documents\Proyecto Computacion\proyecto-computacion-grafica\Window.cpp(148,21): warning C4244: '=': conversión de 'double' a 'GLfloat'; posible pérdida de datos
  Generando código...
C:\Users\Brain\Documents\Proyecto Computacion\proyecto-computacion-grafica\Window.cpp(75): warning C4715: 'Window::Initialise': no todas las rutas de acceso de control devuelven un valor
